This file contains any messages produced by compilers while
running configure, to aid debugging if configure makes a mistake.

It was created by MegaMimes configure 1.0, which was
generated by GNU Autoconf 2.69.  Invocation command line was

  $ ./configure 

## --------- ##
## Platform. ##
## --------- ##

hostname = Lucas-IdeaPad-Gaming-3-15ARH05
uname -m = x86_64
uname -r = 5.15.0-56-generic
uname -s = Linux
uname -v = #62~20.04.1-Ubuntu SMP Tue Nov 22 21:24:20 UTC 2022

/usr/bin/uname -p = x86_64
/bin/uname -X     = unknown

/bin/arch              = x86_64
/usr/bin/arch -k       = unknown
/usr/convex/getsysinfo = unknown
/usr/bin/hostinfo      = unknown
/bin/machine           = unknown
/usr/bin/oslevel       = unknown
/bin/universe          = unknown

PATH: /home/lu-k/Bureau/TN/2A/Java_zip/gradle-7.5.1-all/gradle-7.5.1/bin/bin
PATH: /home/lu-k/Bureau/TN/2A/Java_zip/jdk-17.0.4.1+1/bin
PATH: /home/lu-k/Bureau/TN/2A/Java_zip/gradle-7.5.1-all/gradle-7.5.1/bin/bin
PATH: /home/lu-k/Bureau/TN/2A/Java_zip/jdk-17.0.4.1+1/bin
PATH: /home/lu-k/.local/bin
PATH: /usr/local/sbin
PATH: /usr/local/bin
PATH: /usr/sbin
PATH: /usr/bin
PATH: /sbin
PATH: /bin
PATH: /usr/games
PATH: /usr/local/games
PATH: /snap/bin


## ----------- ##
## Core tests. ##
## ----------- ##

configure:2442: checking for pkg-config
configure:2460: found /usr/bin/pkg-config
configure:2472: result: /usr/bin/pkg-config
configure:2497: checking pkg-config is at least version 0.9.0
configure:2500: result: yes
configure:2575: checking for gcc
configure:2591: found /usr/bin/gcc
configure:2602: result: gcc
configure:2831: checking for C compiler version
configure:2840: gcc --version >&5
gcc (Ubuntu 9.4.0-1ubuntu1~20.04.1) 9.4.0
Copyright (C) 2019 Free Software Foundation, Inc.
This is free software; see the source for copying conditions.  There is NO
warranty; not even for MERCHANTABILITY or FITNESS FOR A PARTICULAR PURPOSE.

configure:2851: $? = 0
configure:2840: gcc -v >&5
Using built-in specs.
COLLECT_GCC=gcc
COLLECT_LTO_WRAPPER=/usr/lib/gcc/x86_64-linux-gnu/9/lto-wrapper
OFFLOAD_TARGET_NAMES=nvptx-none:hsa
OFFLOAD_TARGET_DEFAULT=1
Target: x86_64-linux-gnu
Configured with: ../src/configure -v --with-pkgversion='Ubuntu 9.4.0-1ubuntu1~20.04.1' --with-bugurl=file:///usr/share/doc/gcc-9/README.Bugs --enable-languages=c,ada,c++,go,brig,d,fortran,objc,obj-c++,gm2 --prefix=/usr --with-gcc-major-version-only --program-suffix=-9 --program-prefix=x86_64-linux-gnu- --enable-shared --enable-linker-build-id --libexecdir=/usr/lib --without-included-gettext --enable-threads=posix --libdir=/usr/lib --enable-nls --enable-clocale=gnu --enable-libstdcxx-debug --enable-libstdcxx-time=yes --with-default-libstdcxx-abi=new --enable-gnu-unique-object --disable-vtable-verify --enable-plugin --enable-default-pie --with-system-zlib --with-target-system-zlib=auto --enable-objc-gc=auto --enable-multiarch --disable-werror --with-arch-32=i686 --with-abi=m64 --with-multilib-list=m32,m64,mx32 --enable-multilib --with-tune=generic --enable-offload-targets=nvptx-none=/build/gcc-9-Av3uEd/gcc-9-9.4.0/debian/tmp-nvptx/usr,hsa --without-cuda-driver --enable-checking=release --build=x86_64-linux-gnu --host=x86_64-linux-gnu --target=x86_64-linux-gnu
Thread model: posix
gcc version 9.4.0 (Ubuntu 9.4.0-1ubuntu1~20.04.1) 
configure:2851: $? = 0
configure:2840: gcc -V >&5
gcc: error: unrecognized command line option '-V'
gcc: fatal error: no input files
compilation terminated.
configure:2851: $? = 1
configure:2840: gcc -qversion >&5
gcc: error: unrecognized command line option '-qversion'; did you mean '--version'?
gcc: fatal error: no input files
compilation terminated.
configure:2851: $? = 1
configure:2871: checking whether the C compiler works
configure:2893: gcc    conftest.c  >&5
configure:2897: $? = 0
configure:2945: result: yes
configure:2948: checking for C compiler default output file name
configure:2950: result: a.out
configure:2956: checking for suffix of executables
configure:2963: gcc -o conftest    conftest.c  >&5
configure:2967: $? = 0
configure:2989: result: 
configure:3011: checking whether we are cross compiling
configure:3019: gcc -o conftest    conftest.c  >&5
configure:3023: $? = 0
configure:3030: ./conftest
configure:3034: $? = 0
configure:3022: result: no
configure:3027: checking for suffix of object files
configure:3049: gcc -c   conftest.c >&5
configure:3053: $? = 0
configure:3074: result: o
configure:3078: checking whether we are using the GNU C compiler
configure:3097: gcc -c   conftest.c >&5
configure:3097: $? = 0
configure:3106: result: yes
configure:3115: checking whether gcc accepts -g
configure:3135: gcc -c -g  conftest.c >&5
configure:3135: $? = 0
configure:3176: result: yes
configure:3193: checking for gcc option to accept ISO C89
configure:3256: gcc  -c -g -O2  conftest.c >&5
configure:3256: $? = 0
configure:3269: result: none needed
configure:3294: checking whether gcc understands -c and -o together
configure:3316: gcc -c conftest.c -o conftest2.o
configure:3319: $? = 0
configure:3316: gcc -c conftest.c -o conftest2.o
configure:3319: $? = 0
configure:3331: result: yes
configure:3354: checking how to run the C preprocessor
configure:3385: gcc -E  conftest.c
configure:3385: $? = 0
configure:3399: gcc -E  conftest.c
conftest.c:9:10: fatal error: ac_nonexistent.h: No such file or directory
    9 | #include <ac_nonexistent.h>
      |          ^~~~~~~~~~~~~~~~~~
compilation terminated.
configure:3399: $? = 1
configure: failed program was:
| /* confdefs.h */
| #define PACKAGE_NAME "MegaMimes"
| #define PACKAGE_TARNAME "megamimes"
| #define PACKAGE_VERSION "1.0"
| #define PACKAGE_STRING "MegaMimes 1.0"
| #define PACKAGE_BUGREPORT "okessuman@st.ug.edu.gh"
| #define PACKAGE_URL ""
| /* end confdefs.h.  */
| #include <ac_nonexistent.h>
configure:3424: result: gcc -E
configure:3444: gcc -E  conftest.c
configure:3444: $? = 0
configure:3458: gcc -E  conftest.c
conftest.c:9:10: fatal error: ac_nonexistent.h: No such file or directory
    9 | #include <ac_nonexistent.h>
      |          ^~~~~~~~~~~~~~~~~~
compilation terminated.
configure:3458: $? = 1
configure: failed program was:
| /* confdefs.h */
| #define PACKAGE_NAME "MegaMimes"
| #define PACKAGE_TARNAME "megamimes"
| #define PACKAGE_VERSION "1.0"
| #define PACKAGE_STRING "MegaMimes 1.0"
| #define PACKAGE_BUGREPORT "okessuman@st.ug.edu.gh"
| #define PACKAGE_URL ""
| /* end confdefs.h.  */
| #include <ac_nonexistent.h>
configure:3487: checking for grep that handles long lines and -e
configure:3545: result: /usr/bin/grep
configure:3550: checking for egrep
configure:3612: result: /usr/bin/grep -E
configure:3617: checking for ANSI C header files
configure:3637: gcc -c -g -O2  conftest.c >&5
configure:3637: $? = 0
configure:3710: gcc -o conftest -g -O2   conftest.c  >&5
configure:3710: $? = 0
configure:3710: ./conftest
configure:3710: $? = 0
configure:3721: result: yes
configure:3734: checking for sys/types.h
configure:3734: gcc -c -g -O2  conftest.c >&5
configure:3734: $? = 0
configure:3734: result: yes
configure:3734: checking for sys/stat.h
configure:3734: gcc -c -g -O2  conftest.c >&5
configure:3734: $? = 0
configure:3734: result: yes
configure:3734: checking for stdlib.h
configure:3734: gcc -c -g -O2  conftest.c >&5
configure:3734: $? = 0
configure:3734: result: yes
configure:3734: checking for string.h
configure:3734: gcc -c -g -O2  conftest.c >&5
configure:3734: $? = 0
configure:3734: result: yes
configure:3734: checking for memory.h
configure:3734: gcc -c -g -O2  conftest.c >&5
configure:3734: $? = 0
configure:3734: result: yes
configure:3734: checking for strings.h
configure:3734: gcc -c -g -O2  conftest.c >&5
configure:3734: $? = 0
configure:3734: result: yes
configure:3734: checking for inttypes.h
configure:3734: gcc -c -g -O2  conftest.c >&5
configure:3734: $? = 0
configure:3734: result: yes
configure:3734: checking for stdint.h
configure:3734: gcc -c -g -O2  conftest.c >&5
configure:3734: $? = 0
configure:3734: result: yes
configure:3734: checking for unistd.h
configure:3734: gcc -c -g -O2  conftest.c >&5
configure:3734: $? = 0
configure:3734: result: yes
configure:3749: checking wctype.h usability
configure:3749: gcc -c -g -O2  conftest.c >&5
configure:3749: $? = 0
configure:3749: result: yes
configure:3749: checking wctype.h presence
configure:3749: gcc -E  conftest.c
configure:3749: $? = 0
configure:3749: result: yes
configure:3749: checking for wctype.h
configure:3749: result: yes
configure:3749: checking for string.h
configure:3749: result: yes
configure:3749: checking stdbool.h usability
configure:3749: gcc -c -g -O2  conftest.c >&5
configure:3749: $? = 0
configure:3749: result: yes
configure:3749: checking stdbool.h presence
configure:3749: gcc -E  conftest.c
configure:3749: $? = 0
configure:3749: result: yes
configure:3749: checking for stdbool.h
configure:3749: result: yes
configure:3749: checking stdio.h usability
configure:3749: gcc -c -g -O2  conftest.c >&5
configure:3749: $? = 0
configure:3749: result: yes
configure:3749: checking stdio.h presence
configure:3749: gcc -E  conftest.c
configure:3749: $? = 0
configure:3749: result: yes
configure:3749: checking for stdio.h
configure:3749: result: yes
configure:3759: checking for inline
configure:3775: gcc -c -g -O2  conftest.c >&5
configure:3775: $? = 0
configure:3783: result: inline
configure:3801: checking for size_t
configure:3801: gcc -c -g -O2  conftest.c >&5
configure:3801: $? = 0
configure:3801: gcc -c -g -O2  conftest.c >&5
conftest.c: In function 'main':
conftest.c:59:21: error: expected expression before ')' token
   59 | if (sizeof ((size_t)))
      |                     ^
configure:3801: $? = 1
configure: failed program was:
| /* confdefs.h */
| #define PACKAGE_NAME "MegaMimes"
| #define PACKAGE_TARNAME "megamimes"
| #define PACKAGE_VERSION "1.0"
| #define PACKAGE_STRING "MegaMimes 1.0"
| #define PACKAGE_BUGREPORT "okessuman@st.ug.edu.gh"
| #define PACKAGE_URL ""
| #define STDC_HEADERS 1
| #define HAVE_SYS_TYPES_H 1
| #define HAVE_SYS_STAT_H 1
| #define HAVE_STDLIB_H 1
| #define HAVE_STRING_H 1
| #define HAVE_MEMORY_H 1
| #define HAVE_STRINGS_H 1
| #define HAVE_INTTYPES_H 1
| #define HAVE_STDINT_H 1
| #define HAVE_UNISTD_H 1
| #define HAVE_WCTYPE_H 1
| #define HAVE_STRING_H 1
| #define HAVE_STDBOOL_H 1
| #define HAVE_STDIO_H 1
| /* end confdefs.h.  */
| #include <stdio.h>
| #ifdef HAVE_SYS_TYPES_H
| # include <sys/types.h>
| #endif
| #ifdef HAVE_SYS_STAT_H
| # include <sys/stat.h>
| #endif
| #ifdef STDC_HEADERS
| # include <stdlib.h>
| # include <stddef.h>
| #else
| # ifdef HAVE_STDLIB_H
| #  include <stdlib.h>
| # endif
| #endif
| #ifdef HAVE_STRING_H
| # if !defined STDC_HEADERS && defined HAVE_MEMORY_H
| #  include <memory.h>
| # endif
| # include <string.h>
| #endif
| #ifdef HAVE_STRINGS_H
| # include <strings.h>
| #endif
| #ifdef HAVE_INTTYPES_H
| # include <inttypes.h>
| #endif
| #ifdef HAVE_STDINT_H
| # include <stdint.h>
| #endif
| #ifdef HAVE_UNISTD_H
| # include <unistd.h>
| #endif
| int
| main ()
| {
| if (sizeof ((size_t)))
| 	    return 0;
|   ;
|   return 0;
| }
configure:3801: result: yes
configure:3815: checking for stdlib.h
configure:3815: result: yes
configure:3825: checking for GNU libc compatible malloc
configure:3849: gcc -o conftest -g -O2   conftest.c  >&5
configure:3849: $? = 0
configure:3849: ./conftest
configure:3849: $? = 0
configure:3859: result: yes
configure:3882: checking for free
configure:3882: gcc -o conftest -g -O2   conftest.c  >&5
conftest.c:48:6: warning: conflicting types for built-in function 'free'; expected 'void(void *)' [-Wbuiltin-declaration-mismatch]
   48 | char free ();
      |      ^~~~
conftest.c:36:1: note: 'free' is declared in header '<stdlib.h>'
   35 | # include <limits.h>
   36 | #else
configure:3882: $? = 0
configure:3882: result: yes
configure:3941: checking for ar
configure:3957: found /usr/bin/ar
configure:3968: result: ar
configure:3994: checking the archiver (ar) interface
configure:4010: gcc -c -g -O2  conftest.c >&5
configure:4010: $? = 0
configure:4012: ar cru libconftest.a conftest.o >&5
ar: `u' modifier ignored since `D' is the default (see `U')
configure:4015: $? = 0
configure:4014: result: ar
configure:4063: checking build system type
configure:4077: result: x86_64-pc-linux-gnu
configure:4097: checking host system type
configure:4110: result: x86_64-pc-linux-gnu
configure:4151: checking how to print strings
configure:4178: result: printf
configure:4199: checking for a sed that does not truncate output
configure:4263: result: /usr/bin/sed
configure:4281: checking for fgrep
configure:4343: result: /usr/bin/grep -F
configure:4378: checking for ld used by gcc
configure:4445: result: /usr/bin/ld
configure:4452: checking if the linker (/usr/bin/ld) is GNU ld
configure:4467: result: yes
configure:4479: checking for BSD- or MS-compatible name lister (nm)
configure:4533: result: /usr/bin/nm -B
configure:4663: checking the name lister (/usr/bin/nm -B) interface
configure:4670: gcc -c -g -O2  conftest.c >&5
configure:4673: /usr/bin/nm -B "conftest.o"
configure:4676: output
0000000000000000 B some_variable
configure:4677: result: BSD nm
configure:4680: checking whether ln -s works
configure:4684: result: yes
configure:4692: checking the maximum length of command line arguments
configure:4823: result: 1572864
configure:4871: checking how to convert x86_64-pc-linux-gnu file names to x86_64-pc-linux-gnu format
configure:4911: result: func_convert_file_noop
configure:4918: checking how to convert x86_64-pc-linux-gnu file names to toolchain format
configure:4938: result: func_convert_file_noop
configure:4945: checking for /usr/bin/ld option to reload object files
configure:4952: result: -r
configure:5026: checking for objdump
configure:5042: found /usr/bin/objdump
configure:5053: result: objdump
configure:5085: checking how to recognize dependent libraries
configure:5285: result: pass_all
configure:5370: checking for dlltool
configure:5400: result: no
configure:5430: checking how to associate runtime and link libraries
configure:5457: result: printf %s\n
configure:5581: checking for archiver @FILE support
configure:5598: gcc -c -g -O2  conftest.c >&5
configure:5598: $? = 0
configure:5601: ar cru libconftest.a @conftest.lst >&5
ar: `u' modifier ignored since `D' is the default (see `U')
configure:5604: $? = 0
configure:5609: ar cru libconftest.a @conftest.lst >&5
ar: `u' modifier ignored since `D' is the default (see `U')
ar: conftest.o: No such file or directory
configure:5612: $? = 1
configure:5611: result: @
configure:5669: checking for strip
configure:5685: found /usr/bin/strip
configure:5696: result: strip
configure:5768: checking for ranlib
configure:5784: found /usr/bin/ranlib
configure:5795: result: ranlib
configure:5872: checking for gawk
configure:5902: result: no
configure:5872: checking for mawk
configure:5888: found /usr/bin/mawk
configure:5899: result: mawk
configure:5939: checking command to parse /usr/bin/nm -B output from gcc object
configure:6092: gcc -c -g -O2  conftest.c >&5
configure:6095: $? = 0
configure:6099: /usr/bin/nm -B conftest.o | sed -n -e 's/^.*[	 ]\([ABCDGIRSTW][ABCDGIRSTW]*\)[	 ][	 ]*\([_A-Za-z][_A-Za-z0-9]*\)$/\1 \2 \2/p' | sed '/ __gnu_lto/d' > conftest.nm
configure:6165: gcc -o conftest -g -O2   conftest.c conftstm.o >&5
configure:6168: $? = 0
configure:6206: result: ok
configure:6253: checking for sysroot
configure:6283: result: no
configure:6290: checking for a working dd
configure:6328: result: /usr/bin/dd
configure:6332: checking how to truncate binary pipes
configure:6347: result: /usr/bin/dd bs=4096 count=1
configure:6483: gcc -c -g -O2  conftest.c >&5
configure:6486: $? = 0
configure:6676: checking for mt
configure:6692: found /usr/bin/mt
configure:6703: result: mt
configure:6726: checking if mt is a manifest tool
configure:6732: mt '-?'
configure:6740: result: no
configure:7414: checking for dlfcn.h
configure:7414: gcc -c -g -O2  conftest.c >&5
configure:7414: $? = 0
configure:7414: result: yes
configure:7610: checking for objdir
configure:7625: result: .libs
configure:7885: checking if gcc supports -fno-rtti -fno-exceptions
configure:7903: gcc -c -g -O2  -fno-rtti -fno-exceptions conftest.c >&5
cc1: warning: command line option '-fno-rtti' is valid for C++/D/ObjC++ but not for C
configure:7907: $? = 0
configure:7920: result: no
configure:8284: checking for gcc option to produce PIC
configure:8291: result: -fPIC -DPIC
configure:8299: checking if gcc PIC flag -fPIC -DPIC works
configure:8317: gcc -c -g -O2  -fPIC -DPIC -DPIC conftest.c >&5
configure:8321: $? = 0
configure:8334: result: yes
configure:8363: checking if gcc static flag -static works
configure:8391: result: yes
configure:8406: checking if gcc supports -c -o file.o
configure:8427: gcc -c -g -O2  -o out/conftest2.o conftest.c >&5
configure:8431: $? = 0
configure:8453: result: yes
configure:8461: checking if gcc supports -c -o file.o
configure:8508: result: yes
configure:8541: checking whether the gcc linker (/usr/bin/ld -m elf_x86_64) supports shared libraries
configure:9804: result: yes
configure:9841: checking whether -lc should be explicitly linked in
configure:9849: gcc -c -g -O2  conftest.c >&5
configure:9852: $? = 0
configure:9867: gcc -shared  -fPIC -DPIC conftest.o  -v -Wl,-soname -Wl,conftest -o conftest 2\>\&1 \| /usr/bin/grep  -lc  \>/dev/null 2\>\&1
configure:9870: $? = 0
configure:9884: result: no
configure:10044: checking dynamic linker characteristics
configure:10625: gcc -o conftest -g -O2   -Wl,-rpath -Wl,/foo conftest.c  >&5
configure:10625: $? = 0
configure:10874: result: GNU/Linux ld.so
configure:10996: checking how to hardcode library paths into programs
configure:11021: result: immediate
configure:11569: checking whether stripping libraries is possible
configure:11574: result: yes
configure:11609: checking if libtool supports shared libraries
configure:11611: result: yes
configure:11614: checking whether to build shared libraries
configure:11639: result: yes
configure:11642: checking whether to build static libraries
configure:11646: result: yes
configure:8477: checking for a BSD-compatible install
configure:8545: result: /usr/bin/install -c
configure:8556: checking whether build environment is sane
configure:8611: result: yes
configure:8757: checking for a thread-safe mkdir -p
configure:8796: result: /usr/bin/mkdir -p
configure:8799: checking whether make sets $(MAKE)
configure:8821: result: yes
configure:8843: checking whether make supports the include directive
configure:8858: make -f confmf.GNU && cat confinc.out
this is the am__doit target
configure:8861: $? = 0
configure:8880: result: yes (GNU style)
configure:8913: checking whether make supports nested variables
configure:8930: result: yes
configure:9015: checking dependency style of gcc
configure:9126: result: gcc3
configure:9234: checking for gcc
configure:9261: result: gcc
configure:9490: checking for C compiler version
configure:9499: gcc --version >&5
gcc (Ubuntu 9.4.0-1ubuntu1~20.04.1) 9.4.0
Copyright (C) 2019 Free Software Foundation, Inc.
This is free software; see the source for copying conditions.  There is NO
warranty; not even for MERCHANTABILITY or FITNESS FOR A PARTICULAR PURPOSE.

configure:9510: $? = 0
configure:9499: gcc -v >&5
Using built-in specs.
COLLECT_GCC=gcc
COLLECT_LTO_WRAPPER=/usr/lib/gcc/x86_64-linux-gnu/9/lto-wrapper
OFFLOAD_TARGET_NAMES=nvptx-none:hsa
OFFLOAD_TARGET_DEFAULT=1
Target: x86_64-linux-gnu
Configured with: ../src/configure -v --with-pkgversion='Ubuntu 9.4.0-1ubuntu1~20.04.1' --with-bugurl=file:///usr/share/doc/gcc-9/README.Bugs --enable-languages=c,ada,c++,go,brig,d,fortran,objc,obj-c++,gm2 --prefix=/usr --with-gcc-major-version-only --program-suffix=-9 --program-prefix=x86_64-linux-gnu- --enable-shared --enable-linker-build-id --libexecdir=/usr/lib --without-included-gettext --enable-threads=posix --libdir=/usr/lib --enable-nls --enable-clocale=gnu --enable-libstdcxx-debug --enable-libstdcxx-time=yes --with-default-libstdcxx-abi=new --enable-gnu-unique-object --disable-vtable-verify --enable-plugin --enable-default-pie --with-system-zlib --with-target-system-zlib=auto --enable-objc-gc=auto --enable-multiarch --disable-werror --with-arch-32=i686 --with-abi=m64 --with-multilib-list=m32,m64,mx32 --enable-multilib --with-tune=generic --enable-offload-targets=nvptx-none=/build/gcc-9-Av3uEd/gcc-9-9.4.0/debian/tmp-nvptx/usr,hsa --without-cuda-driver --enable-checking=release --build=x86_64-linux-gnu --host=x86_64-linux-gnu --target=x86_64-linux-gnu
Thread model: posix
gcc version 9.4.0 (Ubuntu 9.4.0-1ubuntu1~20.04.1) 
configure:9510: $? = 0
configure:9499: gcc -V >&5
gcc: error: unrecognized command line option '-V'
gcc: fatal error: no input files
compilation terminated.
configure:9510: $? = 1
configure:9499: gcc -qversion >&5
gcc: error: unrecognized command line option '-qversion'; did you mean '--version'?
gcc: fatal error: no input files
compilation terminated.
configure:9510: $? = 1
configure:9514: checking whether we are using the GNU C compiler
configure:9542: result: yes
configure:9551: checking whether gcc accepts -g
configure:9612: result: yes
configure:9629: checking for gcc option to accept ISO C89
configure:9705: result: none needed
configure:9730: checking whether gcc understands -c and -o together
configure:9767: result: yes
configure:9885: checking that generated files are newer than configure
configure:9891: result: done
configure:9914: creating ./config.status

## ---------------------- ##
## Running config.status. ##
## ---------------------- ##

This file was extended by MegaMimes config.status 1.0, which was
generated by GNU Autoconf 2.69.  Invocation command line was

  CONFIG_FILES    = 
  CONFIG_HEADERS  = 
  CONFIG_LINKS    = 
  CONFIG_COMMANDS = 
  $ ./config.status 

on Lucas-IdeaPad-Gaming-3-15ARH05

config.status:1092: creating libmegamimes.pc
config.status:1092: creating Makefile
config.status:1092: creating config.h
config.status:1321: executing libtool commands
config.status:1321: executing depfiles commands
config.status:1940: cd .       && sed -e '/# am--include-marker/d' Makefile         | make -f - am--depfiles
config.status:1945: $? = 0

## ---------------- ##
## Cache variables. ##
## ---------------- ##

ac_cv_build=x86_64-pc-linux-gnu
ac_cv_c_compiler_gnu=yes
ac_cv_c_inline=inline
ac_cv_env_CC_set=
ac_cv_env_CC_value=
ac_cv_env_CFLAGS_set=
ac_cv_env_CFLAGS_value=
ac_cv_env_CPPFLAGS_set=
ac_cv_env_CPPFLAGS_value=
ac_cv_env_CPP_set=
ac_cv_env_CPP_value=
ac_cv_env_LDFLAGS_set=
ac_cv_env_LDFLAGS_value=
ac_cv_env_LIBS_set=
ac_cv_env_LIBS_value=
ac_cv_env_LT_SYS_LIBRARY_PATH_set=
ac_cv_env_LT_SYS_LIBRARY_PATH_value=
ac_cv_env_PKG_CONFIG_LIBDIR_set=
ac_cv_env_PKG_CONFIG_LIBDIR_value=
ac_cv_env_PKG_CONFIG_PATH_set=
ac_cv_env_PKG_CONFIG_PATH_value=
ac_cv_env_PKG_CONFIG_set=
ac_cv_env_PKG_CONFIG_value=
ac_cv_env_build_alias_set=
ac_cv_env_build_alias_value=
ac_cv_env_host_alias_set=
ac_cv_env_host_alias_value=
ac_cv_env_target_alias_set=
ac_cv_env_target_alias_value=
ac_cv_func_free=yes
ac_cv_func_malloc_0_nonnull=yes
ac_cv_header_dlfcn_h=yes
ac_cv_header_inttypes_h=yes
ac_cv_header_memory_h=yes
ac_cv_header_stdbool_h=yes
ac_cv_header_stdc=yes
ac_cv_header_stdint_h=yes
ac_cv_header_stdio_h=yes
ac_cv_header_stdlib_h=yes
ac_cv_header_string_h=yes
ac_cv_header_strings_h=yes
ac_cv_header_sys_stat_h=yes
ac_cv_header_sys_types_h=yes
ac_cv_header_unistd_h=yes
ac_cv_header_wctype_h=yes
ac_cv_host=x86_64-pc-linux-gnu
ac_cv_objext=o
ac_cv_path_EGREP='/usr/bin/grep -E'
ac_cv_path_FGREP='/usr/bin/grep -F'
ac_cv_path_GREP=/usr/bin/grep
ac_cv_path_SED=/usr/bin/sed
ac_cv_path_ac_pt_PKG_CONFIG=/usr/bin/pkg-config
ac_cv_path_install='/usr/bin/install -c'
ac_cv_path_lt_DD=/usr/bin/dd
ac_cv_path_mkdir=/usr/bin/mkdir
ac_cv_prog_AWK=mawk
ac_cv_prog_CPP='gcc -E'
ac_cv_prog_ac_ct_AR=ar
ac_cv_prog_ac_ct_CC=gcc
ac_cv_prog_ac_ct_MANIFEST_TOOL=mt
ac_cv_prog_ac_ct_OBJDUMP=objdump
ac_cv_prog_ac_ct_RANLIB=ranlib
ac_cv_prog_ac_ct_STRIP=strip
ac_cv_prog_cc_c89=
ac_cv_prog_cc_g=yes
ac_cv_prog_make_make_set=yes
ac_cv_type_size_t=yes
am_cv_CC_dependencies_compiler_type=gcc3
am_cv_ar_interface=ar
am_cv_make_support_nested_variables=yes
am_cv_prog_cc_c_o=yes
lt_cv_ar_at_file=@
lt_cv_archive_cmds_need_lc=no
lt_cv_deplibs_check_method=pass_all
lt_cv_file_magic_cmd='$MAGIC_CMD'
lt_cv_file_magic_test_file=
lt_cv_ld_reload_flag=-r
lt_cv_nm_interface='BSD nm'
lt_cv_objdir=.libs
lt_cv_path_LD=/usr/bin/ld
lt_cv_path_NM='/usr/bin/nm -B'
lt_cv_path_mainfest_tool=no
lt_cv_prog_compiler_c_o=yes
lt_cv_prog_compiler_pic='-fPIC -DPIC'
lt_cv_prog_compiler_pic_works=yes
lt_cv_prog_compiler_rtti_exceptions=no
lt_cv_prog_compiler_static_works=yes
lt_cv_prog_gnu_ld=yes
lt_cv_sharedlib_from_linklib_cmd='printf %s\n'
lt_cv_shlibpath_overrides_runpath=yes
lt_cv_sys_global_symbol_pipe='sed -n -e '\''s/^.*[	 ]\([ABCDGIRSTW][ABCDGIRSTW]*\)[	 ][	 ]*\([_A-Za-z][_A-Za-z0-9]*\)$/\1 \2 \2/p'\'' | sed '\''/ __gnu_lto/d'\'''
lt_cv_sys_global_symbol_to_c_name_address='sed -n -e '\''s/^: \(.*\) .*$/  {"\1", (void *) 0},/p'\'' -e '\''s/^[ABCDGIRSTW][ABCDGIRSTW]* .* \(.*\)$/  {"\1", (void *) \&\1},/p'\'''
lt_cv_sys_global_symbol_to_c_name_address_lib_prefix='sed -n -e '\''s/^: \(.*\) .*$/  {"\1", (void *) 0},/p'\'' -e '\''s/^[ABCDGIRSTW][ABCDGIRSTW]* .* \(lib.*\)$/  {"\1", (void *) \&\1},/p'\'' -e '\''s/^[ABCDGIRSTW][ABCDGIRSTW]* .* \(.*\)$/  {"lib\1", (void *) \&\1},/p'\'''
lt_cv_sys_global_symbol_to_cdecl='sed -n -e '\''s/^T .* \(.*\)$/extern int \1();/p'\'' -e '\''s/^[ABCDGIRSTW][ABCDGIRSTW]* .* \(.*\)$/extern char \1;/p'\'''
lt_cv_sys_global_symbol_to_import=
lt_cv_sys_max_cmd_len=1572864
lt_cv_to_host_file_cmd=func_convert_file_noop
lt_cv_to_tool_file_cmd=func_convert_file_noop
lt_cv_truncate_bin='/usr/bin/dd bs=4096 count=1'

## ----------------- ##
## Output variables. ##
## ----------------- ##

ACLOCAL='${SHELL} /home/lu-k/Bureau/TN/2A/RS/Projet/rs2022proj209/MegaMimes/build-aux/missing aclocal-1.16'
AMDEPBACKSLASH='\'
AMDEP_FALSE='#'
AMDEP_TRUE=''
AMTAR='$${TAR-tar}'
AM_BACKSLASH='\'
AM_DEFAULT_V='$(AM_DEFAULT_VERBOSITY)'
AM_DEFAULT_VERBOSITY='1'
AM_V='$(V)'
AR='ar'
AUTOCONF='${SHELL} /home/lu-k/Bureau/TN/2A/RS/Projet/rs2022proj209/MegaMimes/build-aux/missing autoconf'
AUTOHEADER='${SHELL} /home/lu-k/Bureau/TN/2A/RS/Projet/rs2022proj209/MegaMimes/build-aux/missing autoheader'
AUTOMAKE='${SHELL} /home/lu-k/Bureau/TN/2A/RS/Projet/rs2022proj209/MegaMimes/build-aux/missing automake-1.16'
AWK='mawk'
CC='gcc'
CCDEPMODE='depmode=gcc3'
CFLAGS='-g -O2'
CPP='gcc -E'
CPPFLAGS=''
CYGPATH_W='echo'
DEFS='-DHAVE_CONFIG_H'
DEPDIR='.deps'
DLLTOOL='false'
DSYMUTIL=''
DUMPBIN=''
ECHO_C=''
ECHO_N='-n'
ECHO_T=''
EGREP='/usr/bin/grep -E'
EXEEXT=''
FGREP='/usr/bin/grep -F'
GREP='/usr/bin/grep'
INSTALL_DATA='${INSTALL} -m 644'
INSTALL_PROGRAM='${INSTALL}'
INSTALL_SCRIPT='${INSTALL}'
INSTALL_STRIP_PROGRAM='$(install_sh) -c -s'
LD='/usr/bin/ld -m elf_x86_64'
LDFLAGS=''
LIBOBJS=''
LIBS=''
LIBTOOL='$(SHELL) $(top_builddir)/libtool'
LIPO=''
LN_S='ln -s'
LTLIBOBJS=''
LT_SYS_LIBRARY_PATH=''
MAKEINFO='${SHELL} /home/lu-k/Bureau/TN/2A/RS/Projet/rs2022proj209/MegaMimes/build-aux/missing makeinfo'
MANIFEST_TOOL=':'
MKDIR_P='/usr/bin/mkdir -p'
NM='/usr/bin/nm -B'
NMEDIT=''
OBJDUMP='objdump'
OBJEXT='o'
OTOOL64=''
OTOOL=''
PACKAGE='megamimes'
PACKAGE_BUGREPORT='okessuman@st.ug.edu.gh'
PACKAGE_NAME='MegaMimes'
PACKAGE_STRING='MegaMimes 1.0'
PACKAGE_TARNAME='megamimes'
PACKAGE_URL=''
PACKAGE_VERSION='1.0'
PATH_SEPARATOR=':'
PKG_CONFIG='/usr/bin/pkg-config'
PKG_CONFIG_LIBDIR=''
PKG_CONFIG_PATH=''
RANLIB='ranlib'
SED='/usr/bin/sed'
SET_MAKE=''
SHELL='/bin/bash'
STRIP='strip'
VERSION='1.0'
ac_ct_AR='ar'
ac_ct_CC='gcc'
ac_ct_DUMPBIN=''
am__EXEEXT_FALSE=''
am__EXEEXT_TRUE='#'
am__fastdepCC_FALSE='#'
am__fastdepCC_TRUE=''
am__include='include'
am__isrc=''
am__leading_dot='.'
am__nodep='_no'
am__quote=''
am__tar='$${TAR-tar} chof - "$$tardir"'
am__untar='$${TAR-tar} xf -'
bindir='${exec_prefix}/bin'
build='x86_64-pc-linux-gnu'
build_alias=''
build_cpu='x86_64'
build_os='linux-gnu'
build_vendor='pc'
datadir='${datarootdir}'
datarootdir='${prefix}/share'
docdir='${datarootdir}/doc/${PACKAGE_TARNAME}'
dvidir='${docdir}'
exec_prefix='${prefix}'
host='x86_64-pc-linux-gnu'
host_alias=''
host_cpu='x86_64'
host_os='linux-gnu'
host_vendor='pc'
htmldir='${docdir}'
includedir='${prefix}/include'
infodir='${datarootdir}/info'
install_sh='${SHELL} /home/lu-k/Bureau/TN/2A/RS/Projet/rs2022proj209/MegaMimes/build-aux/install-sh'
libdir='${exec_prefix}/lib'
libexecdir='${exec_prefix}/libexec'
localedir='${datarootdir}/locale'
localstatedir='${prefix}/var'
mandir='${datarootdir}/man'
mkdir_p='$(MKDIR_P)'
oldincludedir='/usr/include'
pdfdir='${docdir}'
pkgconfigdir='${libdir}/pkgconfig'
prefix='/usr/local'
program_transform_name='s,x,x,'
psdir='${docdir}'
runstatedir='${localstatedir}/run'
sbindir='${exec_prefix}/sbin'
sharedstatedir='${prefix}/com'
sysconfdir='${prefix}/etc'
target_alias=''

## ----------- ##
## confdefs.h. ##
## ----------- ##

/* confdefs.h */
#define PACKAGE_NAME "MegaMimes"
#define PACKAGE_TARNAME "megamimes"
#define PACKAGE_VERSION "1.0"
#define PACKAGE_STRING "MegaMimes 1.0"
#define PACKAGE_BUGREPORT "okessuman@st.ug.edu.gh"
#define PACKAGE_URL ""
#define STDC_HEADERS 1
#define HAVE_SYS_TYPES_H 1
#define HAVE_SYS_STAT_H 1
#define HAVE_STDLIB_H 1
#define HAVE_STRING_H 1
#define HAVE_MEMORY_H 1
#define HAVE_STRINGS_H 1
#define HAVE_INTTYPES_H 1
#define HAVE_STDINT_H 1
#define HAVE_UNISTD_H 1
#define HAVE_WCTYPE_H 1
#define HAVE_STRING_H 1
#define HAVE_STDBOOL_H 1
#define HAVE_STDIO_H 1
#define HAVE_STDLIB_H 1
#define HAVE_MALLOC 1
#define HAVE_FREE 1
#define HAVE_DLFCN_H 1
#define LT_OBJDIR ".libs/"
#define PACKAGE "megamimes"
#define VERSION "1.0"

configure: exit 0
